# JRE version: OpenJDK Runtime Environment (22.0.1+8) (build 22.0.1+8-16)
# Java VM: OpenJDK 64-Bit Server VM (22.0.1+8-16, mixed mode, sharing, tiered, compressed oops, compressed class ptrs, g1 gc, linux-amd64)
GC Precious Log:
 CardTable entry size: 512
 Card Set container configuration: InlinePtr #cards 5 size 8 Array Of Cards #cards 12 size 40 Howl #buckets 4 coarsen threshold 1843 Howl Bitmap #cards 512 size 80 coarsen threshold 460 Card regions per heap region 1 cards per card region 2048
 CPUs: 6 total, 6 available
 Memory: 5925M
 Large Page Support: Disabled
 NUMA Support: Disabled
 Compressed Oops: Enabled (32-bit)
 Heap Region Size: 1M
 Heap Min Capacity: 8M
 Heap Initial Capacity: 94M
 Heap Max Capacity: 1482M
 Pre-touch: Disabled
 Parallel Workers: 6
 Concurrent Workers: 2
 Concurrent Refinement Workers: 6
 Periodic GC: Disabled
Heap:
 garbage-first heap   total reserved 1517568K, committed 86016K, used 44330K [0x00000000a3600000, 0x0000000100000000)
  region size 1024K, 22 young (22528K), 7 survivors (7168K)
 Metaspace       used 67644K, committed 68416K, reserved 1114112K
  class space    used 9197K, committed 9536K, reserved 1048576K
GC Heap History (20 events):
Event: 1.331 GC heap before
{Heap before GC invocations=1 (full 0):
 garbage-first heap   total reserved 1517568K, committed 98304K, used 36401K [0x00000000a3600000, 0x0000000100000000)
  region size 1024K, 32 young (32768K), 3 survivors (3072K)
 Metaspace       used 15747K, committed 16000K, reserved 1114112K
  class space    used 1858K, committed 1984K, reserved 1048576K
}
Event: 1.345 GC heap after
{Heap after GC invocations=2 (full 0):
 garbage-first heap   total reserved 1517568K, committed 98304K, used 10664K [0x00000000a3600000, 0x0000000100000000)
  region size 1024K, 3 young (3072K), 3 survivors (3072K)
 Metaspace       used 15747K, committed 16000K, reserved 1114112K
  class space    used 1858K, committed 1984K, reserved 1048576K
}
Event: 1.778 GC heap before
{Heap before GC invocations=2 (full 0):
 garbage-first heap   total reserved 1517568K, committed 98304K, used 42408K [0x00000000a3600000, 0x0000000100000000)
  region size 1024K, 35 young (35840K), 3 survivors (3072K)
 Metaspace       used 21218K, committed 21504K, reserved 1114112K
  class space    used 2560K, committed 2688K, reserved 1048576K
}
Event: 1.786 GC heap after
{Heap after GC invocations=3 (full 0):
 garbage-first heap   total reserved 1517568K, committed 98304K, used 13883K [0x00000000a3600000, 0x0000000100000000)
  region size 1024K, 6 young (6144K), 6 survivors (6144K)
 Metaspace       used 21218K, committed 21504K, reserved 1114112K
  class space    used 2560K, committed 2688K, reserved 1048576K
}
Event: 2.346 GC heap before
{Heap before GC invocations=4 (full 0):
 garbage-first heap   total reserved 1517568K, committed 51200K, used 38459K [0x00000000a3600000, 0x0000000100000000)
  region size 1024K, 30 young (30720K), 6 survivors (6144K)
 Metaspace       used 25251K, committed 25728K, reserved 1114112K
  class space    used 3135K, committed 3328K, reserved 1048576K
}
Event: 2.357 GC heap after
{Heap after GC invocations=5 (full 0):
 garbage-first heap   total reserved 1517568K, committed 51200K, used 15896K [0x00000000a3600000, 0x0000000100000000)
  region size 1024K, 3 young (3072K), 3 survivors (3072K)
 Metaspace       used 25251K, committed 25728K, reserved 1114112K
  class space    used 3135K, committed 3328K, reserved 1048576K
}
Event: 2.700 GC heap before
{Heap before GC invocations=5 (full 0):
 garbage-first heap   total reserved 1517568K, committed 51200K, used 38424K [0x00000000a3600000, 0x0000000100000000)
  region size 1024K, 25 young (25600K), 3 survivors (3072K)
 Metaspace       used 29692K, committed 30144K, reserved 1114112K
  class space    used 3733K, committed 3904K, reserved 1048576K
}
Event: 2.707 GC heap after
{Heap after GC invocations=6 (full 0):
 garbage-first heap   total reserved 1517568K, committed 61440K, used 18262K [0x00000000a3600000, 0x0000000100000000)
  region size 1024K, 3 young (3072K), 3 survivors (3072K)
 Metaspace       used 29692K, committed 30144K, reserved 1114112K
  class space    used 3733K, committed 3904K, reserved 1048576K
}
Event: 3.125 GC heap before
{Heap before GC invocations=6 (full 0):
 garbage-first heap   total reserved 1517568K, committed 61440K, used 36694K [0x00000000a3600000, 0x0000000100000000)
  region size 1024K, 23 young (23552K), 3 survivors (3072K)
 Metaspace       used 35475K, committed 35968K, reserved 1114112K
  class space    used 4418K, committed 4672K, reserved 1048576K
}
Event: 3.131 GC heap after
{Heap after GC invocations=7 (full 0):
 garbage-first heap   total reserved 1517568K, committed 61440K, used 19973K [0x00000000a3600000, 0x0000000100000000)
  region size 1024K, 4 young (4096K), 4 survivors (4096K)
 Metaspace       used 35475K, committed 35968K, reserved 1114112K
  class space    used 4418K, committed 4672K, reserved 1048576K
}
Event: 3.704 GC heap before
{Heap before GC invocations=8 (full 0):
 garbage-first heap   total reserved 1517568K, committed 61440K, used 50693K [0x00000000a3600000, 0x0000000100000000)
  region size 1024K, 34 young (34816K), 4 survivors (4096K)
 Metaspace       used 43210K, committed 43776K, reserved 1114112K
  class space    used 5691K, committed 5952K, reserved 1048576K
}
Event: 3.710 GC heap after
{Heap after GC invocations=9 (full 0):
 garbage-first heap   total reserved 1517568K, committed 61440K, used 21334K [0x00000000a3600000, 0x0000000100000000)
  region size 1024K, 4 young (4096K), 4 survivors (4096K)
 Metaspace       used 43210K, committed 43776K, reserved 1114112K
  class space    used 5691K, committed 5952K, reserved 1048576K
}
Event: 4.121 GC heap before
{Heap before GC invocations=9 (full 0):
 garbage-first heap   total reserved 1517568K, committed 61440K, used 51030K [0x00000000a3600000, 0x0000000100000000)
  region size 1024K, 34 young (34816K), 4 survivors (4096K)
 Metaspace       used 51960K, committed 52480K, reserved 1114112K
  class space    used 7004K, committed 7232K, reserved 1048576K
}
Event: 4.127 GC heap after
{Heap after GC invocations=10 (full 0):
 garbage-first heap   total reserved 1517568K, committed 61440K, used 23028K [0x00000000a3600000, 0x0000000100000000)
  region size 1024K, 4 young (4096K), 4 survivors (4096K)
 Metaspace       used 51960K, committed 52480K, reserved 1114112K
  class space    used 7004K, committed 7232K, reserved 1048576K
}
Event: 4.559 GC heap before
{Heap before GC invocations=10 (full 0):
 garbage-first heap   total reserved 1517568K, committed 61440K, used 52724K [0x00000000a3600000, 0x0000000100000000)
  region size 1024K, 33 young (33792K), 4 survivors (4096K)
 Metaspace       used 58142K, committed 58816K, reserved 1114112K
  class space    used 7914K, committed 8192K, reserved 1048576K
}
Event: 4.584 GC heap after
{Heap after GC invocations=11 (full 0):
 garbage-first heap   total reserved 1517568K, committed 116736K, used 24974K [0x00000000a3600000, 0x0000000100000000)
  region size 1024K, 4 young (4096K), 4 survivors (4096K)
 Metaspace       used 58142K, committed 58816K, reserved 1114112K
  class space    used 7914K, committed 8192K, reserved 1048576K
}
Event: 4.686 GC heap before
{Heap before GC invocations=11 (full 0):
 garbage-first heap   total reserved 1517568K, committed 116736K, used 30094K [0x00000000a3600000, 0x0000000100000000)
  region size 1024K, 10 young (10240K), 4 survivors (4096K)
 Metaspace       used 59577K, committed 60160K, reserved 1114112K
  class space    used 8082K, committed 8320K, reserved 1048576K
}
Event: 4.713 GC heap after
{Heap after GC invocations=12 (full 0):
 garbage-first heap   total reserved 1517568K, committed 116736K, used 25426K [0x00000000a3600000, 0x0000000100000000)
  region size 1024K, 4 young (4096K), 4 survivors (4096K)
 Metaspace       used 59577K, committed 60160K, reserved 1114112K
  class space    used 8082K, committed 8320K, reserved 1048576K
}
Event: 36.318 GC heap before
{Heap before GC invocations=13 (full 0):
 garbage-first heap   total reserved 1517568K, committed 86016K, used 72530K [0x00000000a3600000, 0x0000000100000000)
  region size 1024K, 50 young (51200K), 4 survivors (4096K)
 Metaspace       used 66317K, committed 66944K, reserved 1114112K
  class space    used 9058K, committed 9344K, reserved 1048576K
}
Event: 36.330 GC heap after
{Heap after GC invocations=14 (full 0):
 garbage-first heap   total reserved 1517568K, committed 86016K, used 29994K [0x00000000a3600000, 0x0000000100000000)
  region size 1024K, 7 young (7168K), 7 survivors (7168K)
 Metaspace       used 66317K, committed 66944K, reserved 1114112K
  class space    used 9058K, committed 9344K, reserved 1048576K
}

